[debug] [2022-01-31T09:56:54.660Z] ----------------------------------------------------------------------
[debug] [2022-01-31T09:56:54.661Z] Command:       C:\Program Files\nodejs\node.exe C:\Users\ADMIN\AppData\Roaming\npm\node_modules\firebase-tools\lib\bin\firebase.js init database
[debug] [2022-01-31T09:56:54.662Z] CLI Version:   10.1.2
[debug] [2022-01-31T09:56:54.662Z] Platform:      win32
[debug] [2022-01-31T09:56:54.662Z] Node Version:  v16.13.2
[debug] [2022-01-31T09:56:54.663Z] Time:          Mon Jan 31 2022 16:56:54 GMT+0700 (Indochina Time)
[debug] [2022-01-31T09:56:54.663Z] ----------------------------------------------------------------------
[debug] 
[debug] [2022-01-31T09:56:54.716Z] > command requires scopes: ["email","openid","https://www.googleapis.com/auth/cloudplatformprojects.readonly","https://www.googleapis.com/auth/firebase","https://www.googleapis.com/auth/cloud-platform"]
[debug] [2022-01-31T09:56:54.717Z] > authorizing via signed-in user (foampuminhnhat@gmail.com)
[info] 
     ######## #### ########  ######## ########     ###     ######  ########
     ##        ##  ##     ## ##       ##     ##  ##   ##  ##       ##
     ######    ##  ########  ######   ########  #########  ######  ######
     ##        ##  ##    ##  ##       ##     ## ##     ##       ## ##
     ##       #### ##     ## ######## ########  ##     ##  ######  ########

You're about to initialize a Firebase project in this directory:

  C:\Users\ADMIN

Before we get started, keep in mind:

  * You are initializing within an existing Firebase project directory

